Arguments: 
  /usr/bin/node /usr/share/yarn/bin/yarn.js add --dev @rimraf

PATH: 
  /usr/local/bin:/usr/bin:/bin:/usr/local/games:/usr/games:/usr/share/games:/usr/local/sbin:/usr/sbin:/sbin:/home/brad/.local/bin:/snap/bin:/home/brad/.volta/bin:/snap/bin:/usr/local/bin:/usr/bin:/bin:/usr/local/games:/usr/games:/usr/share/games:/usr/local/sbin:/usr/sbin:/sbin:/home/brad/.local/bin:/snap/bin:/usr/local/bin:/usr/bin:/bin:/usr/local/games:/usr/games

Yarn version: 
  1.22.19

Node version: 
  12.22.12

Platform: 
  linux x64

Trace: 
  Error: https://registry.yarnpkg.com/@rimraf: Request "https://registry.yarnpkg.com/@rimraf" returned a 405
      at Request.params.callback [as _callback] (/usr/share/yarn/lib/cli.js:66154:18)
      at Request.self.callback (/usr/share/yarn/lib/cli.js:140890:22)
      at Request.emit (events.js:314:20)
      at Request.<anonymous> (/usr/share/yarn/lib/cli.js:141862:10)
      at Request.emit (events.js:314:20)
      at IncomingMessage.<anonymous> (/usr/share/yarn/lib/cli.js:141784:12)
      at Object.onceWrapper (events.js:420:28)
      at IncomingMessage.emit (events.js:326:22)
      at endReadableNT (_stream_readable.js:1241:12)
      at processTicksAndRejections (internal/process/task_queues.js:84:21)

npm manifest: 
  {
    "name": "nodets",
    "version": "1.0.0",
    "main": "index.js",
    "license": "MIT",
    "volta": {
      "node": "17.9.1"
    },
    "dependencies": {
      "typescript": "^4.7.4"
    },
    "devDependencies": {
      "@swc/cli": "^0.1.57",
      "@swc/core": "^1.2.213",
      "@tsconfig/node16": "^1.0.3",
      "@types/node": "^18.0.3"
    }
  }

yarn manifest: 
  No manifest

Lockfile: 
  # THIS IS AN AUTOGENERATED FILE. DO NOT EDIT THIS FILE DIRECTLY.
  # yarn lockfile v1
  
  
  "@nodelib/fs.scandir@2.1.5":
    version "2.1.5"
    resolved "https://registry.yarnpkg.com/@nodelib/fs.scandir/-/fs.scandir-2.1.5.tgz#7619c2eb21b25483f6d167548b4cfd5a7488c3d5"
    integrity sha512-vq24Bq3ym5HEQm2NKCr3yXDwjc7vTsEThRDnkp2DK9p1uqLR+DHurm/NOTo0KG7HYHU7eppKZj3MyqYuMBf62g==
    dependencies:
      "@nodelib/fs.stat" "2.0.5"
      run-parallel "^1.1.9"
  
  "@nodelib/fs.stat@2.0.5", "@nodelib/fs.stat@^2.0.2":
    version "2.0.5"
    resolved "https://registry.yarnpkg.com/@nodelib/fs.stat/-/fs.stat-2.0.5.tgz#5bd262af94e9d25bd1e71b05deed44876a222e8b"
    integrity sha512-RkhPPp2zrqDAQA/2jNhnztcPAlv64XdhIp7a7454A5ovI7Bukxgt7MX7udwAu3zg1DcpPU0rz3VV1SeaqvY4+A==
  
  "@nodelib/fs.walk@^1.2.3":
    version "1.2.8"
    resolved "https://registry.yarnpkg.com/@nodelib/fs.walk/-/fs.walk-1.2.8.tgz#e95737e8bb6746ddedf69c556953494f196fe69a"
    integrity sha512-oGB+UxlgWcgQkgwo8GcEGwemoTFt3FIO9ababBmaGwXIoBKZ+GTy0pP185beGg7Llih/NSHSV2XAs1lnznocSg==
    dependencies:
      "@nodelib/fs.scandir" "2.1.5"
      fastq "^1.6.0"
  
  "@swc/cli@^0.1.57":
    version "0.1.57"
    resolved "https://registry.yarnpkg.com/@swc/cli/-/cli-0.1.57.tgz#a9c424de5a217ec20a4b7c2c0e5c343980537e83"
    integrity sha512-HxM8TqYHhAg+zp7+RdTU69bnkl4MWdt1ygyp6BDIPjTiaJVH6Dizn2ezbgDS8mnFZI1FyhKvxU/bbaUs8XhzQg==
    dependencies:
      commander "^7.1.0"
      fast-glob "^3.2.5"
      slash "3.0.0"
      source-map "^0.7.3"
  
  "@swc/core-android-arm-eabi@1.2.213":
    version "1.2.213"
    resolved "https://registry.yarnpkg.com/@swc/core-android-arm-eabi/-/core-android-arm-eabi-1.2.213.tgz#ddfbeed44c26522ab6286281e424653d9d1b97a8"
    integrity sha512-ZxMQf21E5Vvcd40TJH8x9GqXDbn5DLU3EI9cRgnhJTzC4LEk4YPYw2bO9jaqmYzWIosWyquenNkomuVD+PNHCA==
  
  "@swc/core-android-arm64@1.2.213":
    version "1.2.213"
    resolved "https://registry.yarnpkg.com/@swc/core-android-arm64/-/core-android-arm64-1.2.213.tgz#194eedc1ba608a06c86dbe06c3a9d70c33c7b7bf"
    integrity sha512-TIWJfxr669G4odbmZwKcaxy6TnenTL2Lux6G+nBmFsCJtGxgLWoH8fm3A7Yc+C2VG+bvlnP1FQsh2flnpehlUA==
  
  "@swc/core-darwin-arm64@1.2.213":
    version "1.2.213"
    resolved "https://registry.yarnpkg.com/@swc/core-darwin-arm64/-/core-darwin-arm64-1.2.213.tgz#51e4c45faec69cd413979c042b6442bf56728977"
    integrity sha512-vTEZcL69S8dXcnqtGKomHUFIMpgbTH8ImnYTS48x8h79FuAhWor5t/G+lISXlaTxmteEf1RWDOeUPXNCefN6mQ==
  
  "@swc/core-darwin-x64@1.2.213":
    version "1.2.213"
    resolved "https://registry.yarnpkg.com/@swc/core-darwin-x64/-/core-darwin-x64-1.2.213.tgz#859bbd44b9d0a74b98e840a07ee4e3e1a3783b4c"
    integrity sha512-nkgm9QM7J9IajKYqHXCN4V1pjkxga+e0SX4r28zHFt3O+sR55QVXrf0GI+MvSCvtmMXqr5+R/gifqxO72OGqXw==
  
  "@swc/core-freebsd-x64@1.2.213":
    version "1.2.213"
    resolved "https://registry.yarnpkg.com/@swc/core-freebsd-x64/-/core-freebsd-x64-1.2.213.tgz#9a78c4ea70262e527541f72b57f954a5385fbe1e"
    integrity sha512-4Jyb6fWtfjBK/AMmmA46jp2y6ObsnE5CpCwJs1MKLZhi4Tj+EayM7ZVNzlw14tDDEhH1h8fss8mAsxDOEXCz5g==
  
  "@swc/core-linux-arm-gnueabihf@1.2.213":
    version "1.2.213"
    resolved "https://registry.yarnpkg.com/@swc/core-linux-arm-gnueabihf/-/core-linux-arm-gnueabihf-1.2.213.tgz#0a8c8edb7f80b1759f371ce7a760d13e4cdb7780"
    integrity sha512-vB++qSrgPmnPJt+X5hDXy3rsfv/s5Wi5sbN+iurz05A+ay3Hd1d3HMFEGVkpwZIoCNHq8x5JO2NqgkFqXZ7+7A==
  
  "@swc/core-linux-arm64-gnu@1.2.213":
    version "1.2.213"
    resolved "https://registry.yarnpkg.com/@swc/core-linux-arm64-gnu/-/core-linux-arm64-gnu-1.2.213.tgz#9f839a9706f896a7f36fe6e065c46dfe67da8571"
    integrity sha512-ffjbXQc4N5OIfuscE+c84Ped8Zi/CWjYo0ZLM/m1wHYNjrP3oWVY6i7GDKUP2GFWGBXRmbqWicseNxy9NUhadg==
  
  "@swc/core-linux-arm64-musl@1.2.213":
    version "1.2.213"
    resolved "https://registry.yarnpkg.com/@swc/core-linux-arm64-musl/-/core-linux-arm64-musl-1.2.213.tgz#906cc05e39485a6be75713014f29211d36f5c44b"
    integrity sha512-S5bHS8Bn9QRvfdMHL6Rd76V0giQDsd+Z6khRjz8AN9+kTaQz6bFOwxbwkEMQyRyaTX83RTQeOgDJy9EBI9d4xQ==
  
  "@swc/core-linux-x64-gnu@1.2.213":
    version "1.2.213"
    resolved "https://registry.yarnpkg.com/@swc/core-linux-x64-gnu/-/core-linux-x64-gnu-1.2.213.tgz#827d0352b2ab00e07296d244f7255c9aea01666d"
    integrity sha512-E9Nq/PzGLeO7jMkhLu3auj+heI6Wg8dpdnWKzF0Fn6H7N86NDoSWdaC7ZfktiJTsqatdj7x359X3i57pm99LLw==
  
  "@swc/core-linux-x64-musl@1.2.213":
    version "1.2.213"
    resolved "https://registry.yarnpkg.com/@swc/core-linux-x64-musl/-/core-linux-x64-musl-1.2.213.tgz#e553c5753a8d10c56fc6196b7e610d4d80b83d70"
    integrity sha512-vHUFx48ezU02biB7MhT53MN7gDnDeA573kQCahElh8pUQOEYAVMsXKWjFsdA+bLe4eXpCntTqrRoYbikaVQNCQ==
  
  "@swc/core-win32-arm64-msvc@1.2.213":
    version "1.2.213"
    resolved "https://registry.yarnpkg.com/@swc/core-win32-arm64-msvc/-/core-win32-arm64-msvc-1.2.213.tgz#d7cd3e90b268c137a20115faede653e83555997e"
    integrity sha512-R+h0JNzTKi/IpjQUN5ERnYCmYwxF/moiXREqAkog5z6ymxn3wkMlNjwJ2Y4HKcD2lMZYq6JoWBXG6RKx+wVYcQ==
  
  "@swc/core-win32-ia32-msvc@1.2.213":
    version "1.2.213"
    resolved "https://registry.yarnpkg.com/@swc/core-win32-ia32-msvc/-/core-win32-ia32-msvc-1.2.213.tgz#412f1162e52ea28c70d8b93f29c8742d8ee6e9a5"
    integrity sha512-SDktv1cRHaRJRKSKx2sqgJp9c6anErnvYwWwSEQYaG0BQ4POABOWLIDf1DdNZVE/n4+8ANoP40DVG4ZdIvbTuw==
  
  "@swc/core-win32-x64-msvc@1.2.213":
    version "1.2.213"
    resolved "https://registry.yarnpkg.com/@swc/core-win32-x64-msvc/-/core-win32-x64-msvc-1.2.213.tgz#3b5780371699253d448ebef9989736a5acce3739"
    integrity sha512-VXLyIl6Fo/OOryxD4kESX6WgQugK3C25mTcHAmWNkAgflOqoL9ILWmToxMrpTPAoso+w5U6xsdvCzhlJ4xR9Cg==
  
  "@swc/core@^1.2.213":
    version "1.2.213"
    resolved "https://registry.yarnpkg.com/@swc/core/-/core-1.2.213.tgz#c95460779b890bf6102c7e2db97b27ef024e94c6"
    integrity sha512-nK168bJB6VaYicBC2M/UTSODo3u+k+Y9IgbSVsxV+y8t/ZDODa5MazXEiGhFuWj8fCLR1lhsLXVpZHV6ICfc4w==
    optionalDependencies:
      "@swc/core-android-arm-eabi" "1.2.213"
      "@swc/core-android-arm64" "1.2.213"
      "@swc/core-darwin-arm64" "1.2.213"
      "@swc/core-darwin-x64" "1.2.213"
      "@swc/core-freebsd-x64" "1.2.213"
      "@swc/core-linux-arm-gnueabihf" "1.2.213"
      "@swc/core-linux-arm64-gnu" "1.2.213"
      "@swc/core-linux-arm64-musl" "1.2.213"
      "@swc/core-linux-x64-gnu" "1.2.213"
      "@swc/core-linux-x64-musl" "1.2.213"
      "@swc/core-win32-arm64-msvc" "1.2.213"
      "@swc/core-win32-ia32-msvc" "1.2.213"
      "@swc/core-win32-x64-msvc" "1.2.213"
  
  "@tsconfig/node16@^1.0.3":
    version "1.0.3"
    resolved "https://registry.yarnpkg.com/@tsconfig/node16/-/node16-1.0.3.tgz#472eaab5f15c1ffdd7f8628bd4c4f753995ec79e"
    integrity sha512-yOlFc+7UtL/89t2ZhjPvvB/DeAr3r+Dq58IgzsFkOAvVC6NMJXmCGjbptdXdR9qsX7pKcTL+s87FtYREi2dEEQ==
  
  "@types/node@^18.0.3":
    version "18.0.3"
    resolved "https://registry.yarnpkg.com/@types/node/-/node-18.0.3.tgz#463fc47f13ec0688a33aec75d078a0541a447199"
    integrity sha512-HzNRZtp4eepNitP+BD6k2L6DROIDG4Q0fm4x+dwfsr6LGmROENnok75VGw40628xf+iR24WeMFcHuuBDUAzzsQ==
  
  braces@^3.0.2:
    version "3.0.2"
    resolved "https://registry.yarnpkg.com/braces/-/braces-3.0.2.tgz#3454e1a462ee8d599e236df336cd9ea4f8afe107"
    integrity sha512-b8um+L1RzM3WDSzvhm6gIz1yfTbBt6YTlcEKAvsmqCZZFw46z626lVj9j1yEPW33H5H+lBQpZMP1k8l+78Ha0A==
    dependencies:
      fill-range "^7.0.1"
  
  commander@^7.1.0:
    version "7.2.0"
    resolved "https://registry.yarnpkg.com/commander/-/commander-7.2.0.tgz#a36cb57d0b501ce108e4d20559a150a391d97ab7"
    integrity sha512-QrWXB+ZQSVPmIWIhtEO9H+gwHaMGYiF5ChvoJ+K9ZGHG/sVsa6yiesAD1GC/x46sET00Xlwo1u49RVVVzvcSkw==
  
  fast-glob@^3.2.5:
    version "3.2.11"
    resolved "https://registry.yarnpkg.com/fast-glob/-/fast-glob-3.2.11.tgz#a1172ad95ceb8a16e20caa5c5e56480e5129c1d9"
    integrity sha512-xrO3+1bxSo3ZVHAnqzyuewYT6aMFHRAd4Kcs92MAonjwQZLsK9d0SF1IyQ3k5PoirxTW0Oe/RqFgMQ6TcNE5Ew==
    dependencies:
      "@nodelib/fs.stat" "^2.0.2"
      "@nodelib/fs.walk" "^1.2.3"
      glob-parent "^5.1.2"
      merge2 "^1.3.0"
      micromatch "^4.0.4"
  
  fastq@^1.6.0:
    version "1.13.0"
    resolved "https://registry.yarnpkg.com/fastq/-/fastq-1.13.0.tgz#616760f88a7526bdfc596b7cab8c18938c36b98c"
    integrity sha512-YpkpUnK8od0o1hmeSc7UUs/eB/vIPWJYjKck2QKIzAf71Vm1AAQ3EbuZB3g2JIy+pg+ERD0vqI79KyZiB2e2Nw==
    dependencies:
      reusify "^1.0.4"
  
  fill-range@^7.0.1:
    version "7.0.1"
    resolved "https://registry.yarnpkg.com/fill-range/-/fill-range-7.0.1.tgz#1919a6a7c75fe38b2c7c77e5198535da9acdda40"
    integrity sha512-qOo9F+dMUmC2Lcb4BbVvnKJxTPjCm+RRpe4gDuGrzkL7mEVl/djYSu2OdQ2Pa302N4oqkSg9ir6jaLWJ2USVpQ==
    dependencies:
      to-regex-range "^5.0.1"
  
  glob-parent@^5.1.2:
    version "5.1.2"
    resolved "https://registry.yarnpkg.com/glob-parent/-/glob-parent-5.1.2.tgz#869832c58034fe68a4093c17dc15e8340d8401c4"
    integrity sha512-AOIgSQCepiJYwP3ARnGx+5VnTu2HBYdzbGP45eLw1vr3zB3vZLeyed1sC9hnbcOc9/SrMyM5RPQrkGz4aS9Zow==
    dependencies:
      is-glob "^4.0.1"
  
  is-extglob@^2.1.1:
    version "2.1.1"
    resolved "https://registry.yarnpkg.com/is-extglob/-/is-extglob-2.1.1.tgz#a88c02535791f02ed37c76a1b9ea9773c833f8c2"
    integrity sha512-SbKbANkN603Vi4jEZv49LeVJMn4yGwsbzZworEoyEiutsN3nJYdbO36zfhGJ6QEDpOZIFkDtnq5JRxmvl3jsoQ==
  
  is-glob@^4.0.1:
    version "4.0.3"
    resolved "https://registry.yarnpkg.com/is-glob/-/is-glob-4.0.3.tgz#64f61e42cbbb2eec2071a9dac0b28ba1e65d5084"
    integrity sha512-xelSayHH36ZgE7ZWhli7pW34hNbNl8Ojv5KVmkJD4hBdD3th8Tfk9vYasLM+mXWOZhFkgZfxhLSnrwRr4elSSg==
    dependencies:
      is-extglob "^2.1.1"
  
  is-number@^7.0.0:
    version "7.0.0"
    resolved "https://registry.yarnpkg.com/is-number/-/is-number-7.0.0.tgz#7535345b896734d5f80c4d06c50955527a14f12b"
    integrity sha512-41Cifkg6e8TylSpdtTpeLVMqvSBEVzTttHvERD741+pnZ8ANv0004MRL43QKPDlK9cGvNp6NZWZUBlbGXYxxng==
  
  merge2@^1.3.0:
    version "1.4.1"
    resolved "https://registry.yarnpkg.com/merge2/-/merge2-1.4.1.tgz#4368892f885e907455a6fd7dc55c0c9d404990ae"
    integrity sha512-8q7VEgMJW4J8tcfVPy8g09NcQwZdbwFEqhe/WZkoIzjn/3TGDwtOCYtXGxA3O8tPzpczCCDgv+P2P5y00ZJOOg==
  
  micromatch@^4.0.4:
    version "4.0.5"
    resolved "https://registry.yarnpkg.com/micromatch/-/micromatch-4.0.5.tgz#bc8999a7cbbf77cdc89f132f6e467051b49090c6"
    integrity sha512-DMy+ERcEW2q8Z2Po+WNXuw3c5YaUSFjAO5GsJqfEl7UjvtIuFKO6ZrKvcItdy98dwFI2N1tg3zNIdKaQT+aNdA==
    dependencies:
      braces "^3.0.2"
      picomatch "^2.3.1"
  
  picomatch@^2.3.1:
    version "2.3.1"
    resolved "https://registry.yarnpkg.com/picomatch/-/picomatch-2.3.1.tgz#3ba3833733646d9d3e4995946c1365a67fb07a42"
    integrity sha512-JU3teHTNjmE2VCGFzuY8EXzCDVwEqB2a8fsIvwaStHhAWJEeVd1o1QD80CU6+ZdEXXSLbSsuLwJjkCBWqRQUVA==
  
  queue-microtask@^1.2.2:
    version "1.2.3"
    resolved "https://registry.yarnpkg.com/queue-microtask/-/queue-microtask-1.2.3.tgz#4929228bbc724dfac43e0efb058caf7b6cfb6243"
    integrity sha512-NuaNSa6flKT5JaSYQzJok04JzTL1CA6aGhv5rfLW3PgqA+M2ChpZQnAC8h8i4ZFkBS8X5RqkDBHA7r4hej3K9A==
  
  reusify@^1.0.4:
    version "1.0.4"
    resolved "https://registry.yarnpkg.com/reusify/-/reusify-1.0.4.tgz#90da382b1e126efc02146e90845a88db12925d76"
    integrity sha512-U9nH88a3fc/ekCF1l0/UP1IosiuIjyTh7hBvXVMHYgVcfGvt897Xguj2UOLDeI5BG2m7/uwyaLVT6fbtCwTyzw==
  
  run-parallel@^1.1.9:
    version "1.2.0"
    resolved "https://registry.yarnpkg.com/run-parallel/-/run-parallel-1.2.0.tgz#66d1368da7bdf921eb9d95bd1a9229e7f21a43ee"
    integrity sha512-5l4VyZR86LZ/lDxZTR6jqL8AFE2S0IFLMP26AbjsLVADxHdhB/c0GUsH+y39UfCi3dzz8OlQuPmnaJOMoDHQBA==
    dependencies:
      queue-microtask "^1.2.2"
  
  slash@3.0.0:
    version "3.0.0"
    resolved "https://registry.yarnpkg.com/slash/-/slash-3.0.0.tgz#6539be870c165adbd5240220dbe361f1bc4d4634"
    integrity sha512-g9Q1haeby36OSStwb4ntCGGGaKsaVSjQ68fBxoQcutl5fS1vuY18H3wSt3jFyFtrkx+Kz0V1G85A4MyAdDMi2Q==
  
  source-map@^0.7.3:
    version "0.7.4"
    resolved "https://registry.yarnpkg.com/source-map/-/source-map-0.7.4.tgz#a9bbe705c9d8846f4e08ff6765acf0f1b0898656"
    integrity sha512-l3BikUxvPOcn5E74dZiq5BGsTb5yEwhaTSzccU6t4sDOH8NWJCstKO5QT2CvtFoK6F0saL7p9xHAqHOlCPJygA==
  
  to-regex-range@^5.0.1:
    version "5.0.1"
    resolved "https://registry.yarnpkg.com/to-regex-range/-/to-regex-range-5.0.1.tgz#1648c44aae7c8d988a326018ed72f5b4dd0392e4"
    integrity sha512-65P7iz6X5yEr1cwcgvQxbbIw7Uk3gOy5dIdtZ4rDveLqhrdJP+Li/Hx6tyK0NEb+2GCyneCMJiGqrADCSNk8sQ==
    dependencies:
      is-number "^7.0.0"
  
  typescript@^4.7.4:
    version "4.7.4"
    resolved "https://registry.yarnpkg.com/typescript/-/typescript-4.7.4.tgz#1a88596d1cf47d59507a1bcdfb5b9dfe4d488235"
    integrity sha512-C0WQT0gezHuw6AdY1M2jxUO83Rjf0HP7Sk1DtXj6j1EwkQNZrHAg2XPWlq62oqEhYvONq5pkC2Y9oPljWToLmQ==
